<?xml version="1.0" encoding="UTF-8"?>
<!-- Generated by org.testng.reporters.JUnitXMLReporter -->
<testsuite ignored="0" hostname="DESKTOP-EUUGNBB" failures="0" tests="59" name="Default test" time="1334.628" errors="0" timestamp="2024-06-09T19:24:13 IST">
  <testcase classname="webScrapping.FinalWebScrapping" name="init" time="11.549"/>
  <testcase classname="webScrapping.FinalWebScrapping" name="init" time="9.983"/>
  <testcase classname="webScrapping.FinalWebScrapping" name="init" time="9.518"/>
  <testcase classname="webScrapping.FinalWebScrapping" name="init" time="10.356"/>
  <testcase classname="webScrapping.FinalWebScrapping" name="init" time="10.891"/>
  <testcase classname="webScrapping.FinalWebScrapping" name="init" time="12.252"/>
  <testcase classname="webScrapping.FinalWebScrapping" name="init" time="11.199"/>
  <testcase classname="webScrapping.FinalWebScrapping" name="init" time="14.283"/>
  <testcase classname="webScrapping.FinalWebScrapping" name="init" time="11.018"/>
  <testcase classname="webScrapping.FinalWebScrapping" name="init" time="11.681"/>
  <testcase classname="webScrapping.FinalWebScrapping" name="init" time="11.149"/>
  <testcase classname="webScrapping.FinalWebScrapping" name="init" time="11.978"/>
  <testcase classname="webScrapping.FinalWebScrapping" name="init" time="13.933"/>
  <testcase classname="webScrapping.FinalWebScrapping" name="init" time="13.637"/>
  <testcase classname="webScrapping.FinalWebScrapping" name="init" time="12.538"/>
  <testcase classname="webScrapping.FinalWebScrapping" name="init" time="12.332"/>
  <testcase classname="webScrapping.FinalWebScrapping" name="init" time="14.261"/>
  <testcase classname="webScrapping.FinalWebScrapping" name="init" time="12.578"/>
  <testcase classname="webScrapping.FinalWebScrapping" name="init" time="13.337"/>
  <testcase classname="webScrapping.FinalWebScrapping" name="init" time="12.256"/>
  <testcase classname="webScrapping.FinalWebScrapping" name="init" time="18.241"/>
  <testcase classname="webScrapping.FinalWebScrapping" name="init" time="15.072"/>
  <testcase classname="webScrapping.FinalWebScrapping" name="init" time="16.332"/>
  <testcase classname="webScrapping.FinalWebScrapping" name="init" time="15.531"/>
  <testcase classname="webScrapping.FinalWebScrapping" name="init" time="14.272"/>
  <testcase classname="webScrapping.FinalWebScrapping" name="init" time="329.369"/>
  <testcase classname="webScrapping.FinalWebScrapping" name="init" time="18.677"/>
  <testcase classname="webScrapping.FinalWebScrapping" name="init" time="18.451"/>
  <testcase classname="webScrapping.FinalWebScrapping" name="init" time="16.397"/>
  <testcase classname="webScrapping.FinalWebScrapping" name="init" time="23.289"/>
  <testcase classname="webScrapping.FinalWebScrapping" name="init" time="16.674"/>
  <testcase classname="webScrapping.FinalWebScrapping" name="init" time="26.02"/>
  <testcase classname="webScrapping.FinalWebScrapping" name="init" time="18.484"/>
  <testcase classname="webScrapping.FinalWebScrapping" name="init" time="19.61"/>
  <testcase classname="webScrapping.FinalWebScrapping" name="init" time="16.847"/>
  <testcase classname="webScrapping.FinalWebScrapping" name="init" time="17.088"/>
  <testcase classname="webScrapping.FinalWebScrapping" name="init" time="19.74"/>
  <testcase classname="webScrapping.FinalWebScrapping" name="init" time="23.254"/>
  <testcase classname="webScrapping.FinalWebScrapping" name="init" time="19.836"/>
  <testcase classname="webScrapping.FinalWebScrapping" name="init" time="21.01"/>
  <testcase classname="webScrapping.FinalWebScrapping" name="init" time="21.646"/>
  <testcase classname="webScrapping.FinalWebScrapping" name="init" time="21.543"/>
  <testcase classname="webScrapping.FinalWebScrapping" name="init" time="21.485"/>
  <testcase classname="webScrapping.FinalWebScrapping" name="init" time="21.273"/>
  <testcase classname="webScrapping.FinalWebScrapping" name="init" time="17.918"/>
  <testcase classname="webScrapping.FinalWebScrapping" name="init" time="22.822"/>
  <testcase classname="webScrapping.FinalWebScrapping" name="init" time="21.986"/>
  <testcase classname="webScrapping.FinalWebScrapping" name="init" time="20.465"/>
  <testcase classname="webScrapping.FinalWebScrapping" name="init" time="16.635"/>
  <testcase classname="webScrapping.FinalWebScrapping" name="init" time="25.51"/>
  <testcase classname="webScrapping.FinalWebScrapping" name="init" time="23.436"/>
  <testcase classname="webScrapping.FinalWebScrapping" name="init" time="21.395"/>
  <testcase classname="webScrapping.FinalWebScrapping" name="init" time="24.174"/>
  <testcase classname="webScrapping.FinalWebScrapping" name="init" time="20.116"/>
  <testcase classname="webScrapping.FinalWebScrapping" name="init" time="18.713"/>
  <testcase classname="webScrapping.FinalWebScrapping" name="init" time="23.395"/>
  <testcase classname="webScrapping.FinalWebScrapping" name="init" time="23.863"/>
  <testcase classname="webScrapping.FinalWebScrapping" name="init" time="17.609"/>
  <testcase classname="webScrapping.FinalWebScrapping" name="init" time="24.198"/>
</testsuite> <!-- Default test -->
