<?xml version="1.0" encoding="UTF-8"?>
<testng-results ignored="0" total="59" passed="59" failed="0" skipped="0">
  <reporter-output>
  </reporter-output>
  <suite started-at="2024-06-09T19:01:58 IST" name="Default suite" finished-at="2024-06-09T19:24:13 IST" duration-ms="1334628">
    <groups>
    </groups>
    <test started-at="2024-06-09T19:01:58 IST" name="Default test" finished-at="2024-06-09T19:24:13 IST" duration-ms="1334628">
      <class name="webScrapping.FinalWebScrapping">
        <test-method signature="init(java.lang.String)[pri:0, instance:webScrapping.FinalWebScrapping@43bc63a3]" started-at="2024-06-09T19:02:00 IST" name="init" data-provider="webScrappingData" finished-at="2024-06-09T19:02:11 IST" duration-ms="11549" status="PASS">
          <params>
            <param index="0">
              <value>
                <![CDATA[AAVAS]]>
              </value>
            </param>
          </params>
          <reporter-output>
          </reporter-output>
        </test-method> <!-- init -->
        <test-method signature="init(java.lang.String)[pri:0, instance:webScrapping.FinalWebScrapping@43bc63a3]" started-at="2024-06-09T19:02:11 IST" name="init" data-provider="webScrappingData" finished-at="2024-06-09T19:02:21 IST" duration-ms="9983" status="PASS">
          <params>
            <param index="0">
              <value>
                <![CDATA[HOMEFIRST]]>
              </value>
            </param>
          </params>
          <reporter-output>
          </reporter-output>
        </test-method> <!-- init -->
        <test-method signature="init(java.lang.String)[pri:0, instance:webScrapping.FinalWebScrapping@43bc63a3]" started-at="2024-06-09T19:02:21 IST" name="init" data-provider="webScrappingData" finished-at="2024-06-09T19:02:31 IST" duration-ms="9518" status="PASS">
          <params>
            <param index="0">
              <value>
                <![CDATA[ANGELONE]]>
              </value>
            </param>
          </params>
          <reporter-output>
          </reporter-output>
        </test-method> <!-- init -->
        <test-method signature="init(java.lang.String)[pri:0, instance:webScrapping.FinalWebScrapping@43bc63a3]" started-at="2024-06-09T19:02:31 IST" name="init" data-provider="webScrappingData" finished-at="2024-06-09T19:02:41 IST" duration-ms="10356" status="PASS">
          <params>
            <param index="0">
              <value>
                <![CDATA[CRAFTSMAN]]>
              </value>
            </param>
          </params>
          <reporter-output>
          </reporter-output>
        </test-method> <!-- init -->
        <test-method signature="init(java.lang.String)[pri:0, instance:webScrapping.FinalWebScrapping@43bc63a3]" started-at="2024-06-09T19:02:41 IST" name="init" data-provider="webScrappingData" finished-at="2024-06-09T19:02:52 IST" duration-ms="10891" status="PASS">
          <params>
            <param index="0">
              <value>
                <![CDATA[SONACOMS]]>
              </value>
            </param>
          </params>
          <reporter-output>
          </reporter-output>
        </test-method> <!-- init -->
        <test-method signature="init(java.lang.String)[pri:0, instance:webScrapping.FinalWebScrapping@43bc63a3]" started-at="2024-06-09T19:02:52 IST" name="init" data-provider="webScrappingData" finished-at="2024-06-09T19:03:04 IST" duration-ms="12252" status="PASS">
          <params>
            <param index="0">
              <value>
                <![CDATA[MOTHERSON]]>
              </value>
            </param>
          </params>
          <reporter-output>
          </reporter-output>
        </test-method> <!-- init -->
        <test-method signature="init(java.lang.String)[pri:0, instance:webScrapping.FinalWebScrapping@43bc63a3]" started-at="2024-06-09T19:03:04 IST" name="init" data-provider="webScrappingData" finished-at="2024-06-09T19:03:15 IST" duration-ms="11199" status="PASS">
          <params>
            <param index="0">
              <value>
                <![CDATA[SJS]]>
              </value>
            </param>
          </params>
          <reporter-output>
          </reporter-output>
        </test-method> <!-- init -->
        <test-method signature="init(java.lang.String)[pri:0, instance:webScrapping.FinalWebScrapping@43bc63a3]" started-at="2024-06-09T19:03:15 IST" name="init" data-provider="webScrappingData" finished-at="2024-06-09T19:03:30 IST" duration-ms="14283" status="PASS">
          <params>
            <param index="0">
              <value>
                <![CDATA[MARUTI]]>
              </value>
            </param>
          </params>
          <reporter-output>
          </reporter-output>
        </test-method> <!-- init -->
        <test-method signature="init(java.lang.String)[pri:0, instance:webScrapping.FinalWebScrapping@43bc63a3]" started-at="2024-06-09T19:03:30 IST" name="init" data-provider="webScrappingData" finished-at="2024-06-09T19:03:41 IST" duration-ms="11018" status="PASS">
          <params>
            <param index="0">
              <value>
                <![CDATA[AMIORG]]>
              </value>
            </param>
          </params>
          <reporter-output>
          </reporter-output>
        </test-method> <!-- init -->
        <test-method signature="init(java.lang.String)[pri:0, instance:webScrapping.FinalWebScrapping@43bc63a3]" started-at="2024-06-09T19:03:41 IST" name="init" data-provider="webScrappingData" finished-at="2024-06-09T19:03:52 IST" duration-ms="11681" status="PASS">
          <params>
            <param index="0">
              <value>
                <![CDATA[PIIND]]>
              </value>
            </param>
          </params>
          <reporter-output>
          </reporter-output>
        </test-method> <!-- init -->
        <test-method signature="init(java.lang.String)[pri:0, instance:webScrapping.FinalWebScrapping@43bc63a3]" started-at="2024-06-09T19:03:52 IST" name="init" data-provider="webScrappingData" finished-at="2024-06-09T19:04:04 IST" duration-ms="11149" status="PASS">
          <params>
            <param index="0">
              <value>
                <![CDATA[CLEAN]]>
              </value>
            </param>
          </params>
          <reporter-output>
          </reporter-output>
        </test-method> <!-- init -->
        <test-method signature="init(java.lang.String)[pri:0, instance:webScrapping.FinalWebScrapping@43bc63a3]" started-at="2024-06-09T19:04:04 IST" name="init" data-provider="webScrappingData" finished-at="2024-06-09T19:04:15 IST" duration-ms="11978" status="PASS">
          <params>
            <param index="0">
              <value>
                <![CDATA[GMMPFAUDLR]]>
              </value>
            </param>
          </params>
          <reporter-output>
          </reporter-output>
        </test-method> <!-- init -->
        <test-method signature="init(java.lang.String)[pri:0, instance:webScrapping.FinalWebScrapping@43bc63a3]" started-at="2024-06-09T19:04:15 IST" name="init" data-provider="webScrappingData" finished-at="2024-06-09T19:04:29 IST" duration-ms="13933" status="PASS">
          <params>
            <param index="0">
              <value>
                <![CDATA[LXCHEM]]>
              </value>
            </param>
          </params>
          <reporter-output>
          </reporter-output>
        </test-method> <!-- init -->
        <test-method signature="init(java.lang.String)[pri:0, instance:webScrapping.FinalWebScrapping@43bc63a3]" started-at="2024-06-09T19:04:29 IST" name="init" data-provider="webScrappingData" finished-at="2024-06-09T19:04:43 IST" duration-ms="13637" status="PASS">
          <params>
            <param index="0">
              <value>
                <![CDATA[SBICARD]]>
              </value>
            </param>
          </params>
          <reporter-output>
          </reporter-output>
        </test-method> <!-- init -->
        <test-method signature="init(java.lang.String)[pri:0, instance:webScrapping.FinalWebScrapping@43bc63a3]" started-at="2024-06-09T19:04:43 IST" name="init" data-provider="webScrappingData" finished-at="2024-06-09T19:04:56 IST" duration-ms="12538" status="PASS">
          <params>
            <param index="0">
              <value>
                <![CDATA[MTARTECH]]>
              </value>
            </param>
          </params>
          <reporter-output>
          </reporter-output>
        </test-method> <!-- init -->
        <test-method signature="init(java.lang.String)[pri:0, instance:webScrapping.FinalWebScrapping@43bc63a3]" started-at="2024-06-09T19:04:56 IST" name="init" data-provider="webScrappingData" finished-at="2024-06-09T19:05:08 IST" duration-ms="12332" status="PASS">
          <params>
            <param index="0">
              <value>
                <![CDATA[SANSERA]]>
              </value>
            </param>
          </params>
          <reporter-output>
          </reporter-output>
        </test-method> <!-- init -->
        <test-method signature="init(java.lang.String)[pri:0, instance:webScrapping.FinalWebScrapping@43bc63a3]" started-at="2024-06-09T19:05:08 IST" name="init" data-provider="webScrappingData" finished-at="2024-06-09T19:05:22 IST" duration-ms="14261" status="PASS">
          <params>
            <param index="0">
              <value>
                <![CDATA[HCG]]>
              </value>
            </param>
          </params>
          <reporter-output>
          </reporter-output>
        </test-method> <!-- init -->
        <test-method signature="init(java.lang.String)[pri:0, instance:webScrapping.FinalWebScrapping@43bc63a3]" started-at="2024-06-09T19:05:22 IST" name="init" data-provider="webScrappingData" finished-at="2024-06-09T19:05:35 IST" duration-ms="12578" status="PASS">
          <params>
            <param index="0">
              <value>
                <![CDATA[RAINBOW]]>
              </value>
            </param>
          </params>
          <reporter-output>
          </reporter-output>
        </test-method> <!-- init -->
        <test-method signature="init(java.lang.String)[pri:0, instance:webScrapping.FinalWebScrapping@43bc63a3]" started-at="2024-06-09T19:05:35 IST" name="init" data-provider="webScrappingData" finished-at="2024-06-09T19:05:48 IST" duration-ms="13337" status="PASS">
          <params>
            <param index="0">
              <value>
                <![CDATA[POWERMECH]]>
              </value>
            </param>
          </params>
          <reporter-output>
          </reporter-output>
        </test-method> <!-- init -->
        <test-method signature="init(java.lang.String)[pri:0, instance:webScrapping.FinalWebScrapping@43bc63a3]" started-at="2024-06-09T19:05:48 IST" name="init" data-provider="webScrappingData" finished-at="2024-06-09T19:06:00 IST" duration-ms="12256" status="PASS">
          <params>
            <param index="0">
              <value>
                <![CDATA[JTLIND]]>
              </value>
            </param>
          </params>
          <reporter-output>
          </reporter-output>
        </test-method> <!-- init -->
        <test-method signature="init(java.lang.String)[pri:0, instance:webScrapping.FinalWebScrapping@43bc63a3]" started-at="2024-06-09T19:06:00 IST" name="init" data-provider="webScrappingData" finished-at="2024-06-09T19:06:19 IST" duration-ms="18241" status="PASS">
          <params>
            <param index="0">
              <value>
                <![CDATA[ICICIGI]]>
              </value>
            </param>
          </params>
          <reporter-output>
          </reporter-output>
        </test-method> <!-- init -->
        <test-method signature="init(java.lang.String)[pri:0, instance:webScrapping.FinalWebScrapping@43bc63a3]" started-at="2024-06-09T19:06:19 IST" name="init" data-provider="webScrappingData" finished-at="2024-06-09T19:06:34 IST" duration-ms="15072" status="PASS">
          <params>
            <param index="0">
              <value>
                <![CDATA[AFFLE]]>
              </value>
            </param>
          </params>
          <reporter-output>
          </reporter-output>
        </test-method> <!-- init -->
        <test-method signature="init(java.lang.String)[pri:0, instance:webScrapping.FinalWebScrapping@43bc63a3]" started-at="2024-06-09T19:06:34 IST" name="init" data-provider="webScrappingData" finished-at="2024-06-09T19:06:50 IST" duration-ms="16332" status="PASS">
          <params>
            <param index="0">
              <value>
                <![CDATA[KPITTECH]]>
              </value>
            </param>
          </params>
          <reporter-output>
          </reporter-output>
        </test-method> <!-- init -->
        <test-method signature="init(java.lang.String)[pri:0, instance:webScrapping.FinalWebScrapping@43bc63a3]" started-at="2024-06-09T19:06:50 IST" name="init" data-provider="webScrappingData" finished-at="2024-06-09T19:07:06 IST" duration-ms="15531" status="PASS">
          <params>
            <param index="0">
              <value>
                <![CDATA[RATEGAIN]]>
              </value>
            </param>
          </params>
          <reporter-output>
          </reporter-output>
        </test-method> <!-- init -->
        <test-method signature="init(java.lang.String)[pri:0, instance:webScrapping.FinalWebScrapping@43bc63a3]" started-at="2024-06-09T19:07:06 IST" name="init" data-provider="webScrappingData" finished-at="2024-06-09T19:07:20 IST" duration-ms="14272" status="PASS">
          <params>
            <param index="0">
              <value>
                <![CDATA[ROUTE]]>
              </value>
            </param>
          </params>
          <reporter-output>
          </reporter-output>
        </test-method> <!-- init -->
        <test-method signature="init(java.lang.String)[pri:0, instance:webScrapping.FinalWebScrapping@43bc63a3]" started-at="2024-06-09T19:07:20 IST" name="init" data-provider="webScrappingData" finished-at="2024-06-09T19:12:49 IST" duration-ms="329369" status="PASS">
          <params>
            <param index="0">
              <value>
                <![CDATA[TRACXN]]>
              </value>
            </param>
          </params>
          <reporter-output>
          </reporter-output>
        </test-method> <!-- init -->
        <test-method signature="init(java.lang.String)[pri:0, instance:webScrapping.FinalWebScrapping@43bc63a3]" started-at="2024-06-09T19:12:49 IST" name="init" data-provider="webScrappingData" finished-at="2024-06-09T19:13:08 IST" duration-ms="18677" status="PASS">
          <params>
            <param index="0">
              <value>
                <![CDATA[NAUKRI]]>
              </value>
            </param>
          </params>
          <reporter-output>
          </reporter-output>
        </test-method> <!-- init -->
        <test-method signature="init(java.lang.String)[pri:0, instance:webScrapping.FinalWebScrapping@43bc63a3]" started-at="2024-06-09T19:13:08 IST" name="init" data-provider="webScrappingData" finished-at="2024-06-09T19:13:26 IST" duration-ms="18451" status="PASS">
          <params>
            <param index="0">
              <value>
                <![CDATA[TEAMLEASE]]>
              </value>
            </param>
          </params>
          <reporter-output>
          </reporter-output>
        </test-method> <!-- init -->
        <test-method signature="init(java.lang.String)[pri:0, instance:webScrapping.FinalWebScrapping@43bc63a3]" started-at="2024-06-09T19:13:26 IST" name="init" data-provider="webScrappingData" finished-at="2024-06-09T19:13:43 IST" duration-ms="16397" status="PASS">
          <params>
            <param index="0">
              <value>
                <![CDATA[BANDHANBNK]]>
              </value>
            </param>
          </params>
          <reporter-output>
          </reporter-output>
        </test-method> <!-- init -->
        <test-method signature="init(java.lang.String)[pri:0, instance:webScrapping.FinalWebScrapping@43bc63a3]" started-at="2024-06-09T19:13:43 IST" name="init" data-provider="webScrappingData" finished-at="2024-06-09T19:14:06 IST" duration-ms="23289" status="PASS">
          <params>
            <param index="0">
              <value>
                <![CDATA[CREDITACC]]>
              </value>
            </param>
          </params>
          <reporter-output>
          </reporter-output>
        </test-method> <!-- init -->
        <test-method signature="init(java.lang.String)[pri:0, instance:webScrapping.FinalWebScrapping@43bc63a3]" started-at="2024-06-09T19:14:06 IST" name="init" data-provider="webScrappingData" finished-at="2024-06-09T19:14:23 IST" duration-ms="16674" status="PASS">
          <params>
            <param index="0">
              <value>
                <![CDATA[SPANDANA]]>
              </value>
            </param>
          </params>
          <reporter-output>
          </reporter-output>
        </test-method> <!-- init -->
        <test-method signature="init(java.lang.String)[pri:0, instance:webScrapping.FinalWebScrapping@43bc63a3]" started-at="2024-06-09T19:14:23 IST" name="init" data-provider="webScrappingData" finished-at="2024-06-09T19:14:49 IST" duration-ms="26020" status="PASS">
          <params>
            <param index="0">
              <value>
                <![CDATA[BAJFINANCE]]>
              </value>
            </param>
          </params>
          <reporter-output>
          </reporter-output>
        </test-method> <!-- init -->
        <test-method signature="init(java.lang.String)[pri:0, instance:webScrapping.FinalWebScrapping@43bc63a3]" started-at="2024-06-09T19:14:49 IST" name="init" data-provider="webScrappingData" finished-at="2024-06-09T19:15:07 IST" duration-ms="18484" status="PASS">
          <params>
            <param index="0">
              <value>
                <![CDATA[SHRIRAMFIN]]>
              </value>
            </param>
          </params>
          <reporter-output>
          </reporter-output>
        </test-method> <!-- init -->
        <test-method signature="init(java.lang.String)[pri:0, instance:webScrapping.FinalWebScrapping@43bc63a3]" started-at="2024-06-09T19:15:07 IST" name="init" data-provider="webScrappingData" finished-at="2024-06-09T19:15:27 IST" duration-ms="19610" status="PASS">
          <params>
            <param index="0">
              <value>
                <![CDATA[DIXON]]>
              </value>
            </param>
          </params>
          <reporter-output>
          </reporter-output>
        </test-method> <!-- init -->
        <test-method signature="init(java.lang.String)[pri:0, instance:webScrapping.FinalWebScrapping@43bc63a3]" started-at="2024-06-09T19:15:27 IST" name="init" data-provider="webScrappingData" finished-at="2024-06-09T19:15:44 IST" duration-ms="16847" status="PASS">
          <params>
            <param index="0">
              <value>
                <![CDATA[DELTACORP]]>
              </value>
            </param>
          </params>
          <reporter-output>
          </reporter-output>
        </test-method> <!-- init -->
        <test-method signature="init(java.lang.String)[pri:0, instance:webScrapping.FinalWebScrapping@43bc63a3]" started-at="2024-06-09T19:15:44 IST" name="init" data-provider="webScrappingData" finished-at="2024-06-09T19:16:01 IST" duration-ms="17088" status="PASS">
          <params>
            <param index="0">
              <value>
                <![CDATA[INDIGOPNTS]]>
              </value>
            </param>
          </params>
          <reporter-output>
          </reporter-output>
        </test-method> <!-- init -->
        <test-method signature="init(java.lang.String)[pri:0, instance:webScrapping.FinalWebScrapping@43bc63a3]" started-at="2024-06-09T19:16:01 IST" name="init" data-provider="webScrappingData" finished-at="2024-06-09T19:16:20 IST" duration-ms="19740" status="PASS">
          <params>
            <param index="0">
              <value>
                <![CDATA[KRSNAA]]>
              </value>
            </param>
          </params>
          <reporter-output>
          </reporter-output>
        </test-method> <!-- init -->
        <test-method signature="init(java.lang.String)[pri:0, instance:webScrapping.FinalWebScrapping@43bc63a3]" started-at="2024-06-09T19:16:20 IST" name="init" data-provider="webScrappingData" finished-at="2024-06-09T19:16:44 IST" duration-ms="23254" status="PASS">
          <params>
            <param index="0">
              <value>
                <![CDATA[AXISBANK]]>
              </value>
            </param>
          </params>
          <reporter-output>
          </reporter-output>
        </test-method> <!-- init -->
        <test-method signature="init(java.lang.String)[pri:0, instance:webScrapping.FinalWebScrapping@43bc63a3]" started-at="2024-06-09T19:16:44 IST" name="init" data-provider="webScrappingData" finished-at="2024-06-09T19:17:04 IST" duration-ms="19836" status="PASS">
          <params>
            <param index="0">
              <value>
                <![CDATA[FEDERALBNK]]>
              </value>
            </param>
          </params>
          <reporter-output>
          </reporter-output>
        </test-method> <!-- init -->
        <test-method signature="init(java.lang.String)[pri:0, instance:webScrapping.FinalWebScrapping@43bc63a3]" started-at="2024-06-09T19:17:04 IST" name="init" data-provider="webScrappingData" finished-at="2024-06-09T19:17:25 IST" duration-ms="21010" status="PASS">
          <params>
            <param index="0">
              <value>
                <![CDATA[HDFCBANK]]>
              </value>
            </param>
          </params>
          <reporter-output>
          </reporter-output>
        </test-method> <!-- init -->
        <test-method signature="init(java.lang.String)[pri:0, instance:webScrapping.FinalWebScrapping@43bc63a3]" started-at="2024-06-09T19:17:25 IST" name="init" data-provider="webScrappingData" finished-at="2024-06-09T19:17:46 IST" duration-ms="21646" status="PASS">
          <params>
            <param index="0">
              <value>
                <![CDATA[BANKBARODA]]>
              </value>
            </param>
          </params>
          <reporter-output>
          </reporter-output>
        </test-method> <!-- init -->
        <test-method signature="init(java.lang.String)[pri:0, instance:webScrapping.FinalWebScrapping@43bc63a3]" started-at="2024-06-09T19:17:46 IST" name="init" data-provider="webScrappingData" finished-at="2024-06-09T19:18:08 IST" duration-ms="21543" status="PASS">
          <params>
            <param index="0">
              <value>
                <![CDATA[CANBK]]>
              </value>
            </param>
          </params>
          <reporter-output>
          </reporter-output>
        </test-method> <!-- init -->
        <test-method signature="init(java.lang.String)[pri:0, instance:webScrapping.FinalWebScrapping@43bc63a3]" started-at="2024-06-09T19:18:08 IST" name="init" data-provider="webScrappingData" finished-at="2024-06-09T19:18:29 IST" duration-ms="21485" status="PASS">
          <params>
            <param index="0">
              <value>
                <![CDATA[AUBANK]]>
              </value>
            </param>
          </params>
          <reporter-output>
          </reporter-output>
        </test-method> <!-- init -->
        <test-method signature="init(java.lang.String)[pri:0, instance:webScrapping.FinalWebScrapping@43bc63a3]" started-at="2024-06-09T19:18:29 IST" name="init" data-provider="webScrappingData" finished-at="2024-06-09T19:18:51 IST" duration-ms="21273" status="PASS">
          <params>
            <param index="0">
              <value>
                <![CDATA[EQUITASBNK]]>
              </value>
            </param>
          </params>
          <reporter-output>
          </reporter-output>
        </test-method> <!-- init -->
        <test-method signature="init(java.lang.String)[pri:0, instance:webScrapping.FinalWebScrapping@43bc63a3]" started-at="2024-06-09T19:18:51 IST" name="init" data-provider="webScrappingData" finished-at="2024-06-09T19:19:08 IST" duration-ms="17918" status="PASS">
          <params>
            <param index="0">
              <value>
                <![CDATA[DEVYANI]]>
              </value>
            </param>
          </params>
          <reporter-output>
          </reporter-output>
        </test-method> <!-- init -->
        <test-method signature="init(java.lang.String)[pri:0, instance:webScrapping.FinalWebScrapping@43bc63a3]" started-at="2024-06-09T19:19:08 IST" name="init" data-provider="webScrappingData" finished-at="2024-06-09T19:19:31 IST" duration-ms="22822" status="PASS">
          <params>
            <param index="0">
              <value>
                <![CDATA[JUBLFOOD]]>
              </value>
            </param>
          </params>
          <reporter-output>
          </reporter-output>
        </test-method> <!-- init -->
        <test-method signature="init(java.lang.String)[pri:0, instance:webScrapping.FinalWebScrapping@43bc63a3]" started-at="2024-06-09T19:19:31 IST" name="init" data-provider="webScrappingData" finished-at="2024-06-09T19:19:53 IST" duration-ms="21986" status="PASS">
          <params>
            <param index="0">
              <value>
                <![CDATA[DMART]]>
              </value>
            </param>
          </params>
          <reporter-output>
          </reporter-output>
        </test-method> <!-- init -->
        <test-method signature="init(java.lang.String)[pri:0, instance:webScrapping.FinalWebScrapping@43bc63a3]" started-at="2024-06-09T19:19:53 IST" name="init" data-provider="webScrappingData" finished-at="2024-06-09T19:20:14 IST" duration-ms="20465" status="PASS">
          <params>
            <param index="0">
              <value>
                <![CDATA[GLOBUSSPR]]>
              </value>
            </param>
          </params>
          <reporter-output>
          </reporter-output>
        </test-method> <!-- init -->
        <test-method signature="init(java.lang.String)[pri:0, instance:webScrapping.FinalWebScrapping@43bc63a3]" started-at="2024-06-09T19:20:14 IST" name="init" data-provider="webScrappingData" finished-at="2024-06-09T19:20:30 IST" duration-ms="16635" status="PASS">
          <params>
            <param index="0">
              <value>
                <![CDATA[SULA]]>
              </value>
            </param>
          </params>
          <reporter-output>
          </reporter-output>
        </test-method> <!-- init -->
        <test-method signature="init(java.lang.String)[pri:0, instance:webScrapping.FinalWebScrapping@43bc63a3]" started-at="2024-06-09T19:20:30 IST" name="init" data-provider="webScrappingData" finished-at="2024-06-09T19:20:56 IST" duration-ms="25510" status="PASS">
          <params>
            <param index="0">
              <value>
                <![CDATA[UBL]]>
              </value>
            </param>
          </params>
          <reporter-output>
          </reporter-output>
        </test-method> <!-- init -->
        <test-method signature="init(java.lang.String)[pri:0, instance:webScrapping.FinalWebScrapping@43bc63a3]" started-at="2024-06-09T19:20:56 IST" name="init" data-provider="webScrappingData" finished-at="2024-06-09T19:21:19 IST" duration-ms="23436" status="PASS">
          <params>
            <param index="0">
              <value>
                <![CDATA[BHARTIARTL]]>
              </value>
            </param>
          </params>
          <reporter-output>
          </reporter-output>
        </test-method> <!-- init -->
        <test-method signature="init(java.lang.String)[pri:0, instance:webScrapping.FinalWebScrapping@43bc63a3]" started-at="2024-06-09T19:21:19 IST" name="init" data-provider="webScrappingData" finished-at="2024-06-09T19:21:41 IST" duration-ms="21395" status="PASS">
          <params>
            <param index="0">
              <value>
                <![CDATA[GANECOS]]>
              </value>
            </param>
          </params>
          <reporter-output>
          </reporter-output>
        </test-method> <!-- init -->
        <test-method signature="init(java.lang.String)[pri:0, instance:webScrapping.FinalWebScrapping@43bc63a3]" started-at="2024-06-09T19:21:41 IST" name="init" data-provider="webScrappingData" finished-at="2024-06-09T19:22:05 IST" duration-ms="24174" status="PASS">
          <params>
            <param index="0">
              <value>
                <![CDATA[PAGEIND]]>
              </value>
            </param>
          </params>
          <reporter-output>
          </reporter-output>
        </test-method> <!-- init -->
        <test-method signature="init(java.lang.String)[pri:0, instance:webScrapping.FinalWebScrapping@43bc63a3]" started-at="2024-06-09T19:22:05 IST" name="init" data-provider="webScrappingData" finished-at="2024-06-09T19:22:25 IST" duration-ms="20116" status="PASS">
          <params>
            <param index="0">
              <value>
                <![CDATA[DREAMFOLKS]]>
              </value>
            </param>
          </params>
          <reporter-output>
          </reporter-output>
        </test-method> <!-- init -->
        <test-method signature="init(java.lang.String)[pri:0, instance:webScrapping.FinalWebScrapping@43bc63a3]" started-at="2024-06-09T19:22:25 IST" name="init" data-provider="webScrappingData" finished-at="2024-06-09T19:22:44 IST" duration-ms="18713" status="PASS">
          <params>
            <param index="0">
              <value>
                <![CDATA[EASEMYTRIP]]>
              </value>
            </param>
          </params>
          <reporter-output>
          </reporter-output>
        </test-method> <!-- init -->
        <test-method signature="init(java.lang.String)[pri:0, instance:webScrapping.FinalWebScrapping@43bc63a3]" started-at="2024-06-09T19:22:44 IST" name="init" data-provider="webScrappingData" finished-at="2024-06-09T19:23:07 IST" duration-ms="23395" status="PASS">
          <params>
            <param index="0">
              <value>
                <![CDATA[AVANTIFEED]]>
              </value>
            </param>
          </params>
          <reporter-output>
          </reporter-output>
        </test-method> <!-- init -->
        <test-method signature="init(java.lang.String)[pri:0, instance:webScrapping.FinalWebScrapping@43bc63a3]" started-at="2024-06-09T19:23:07 IST" name="init" data-provider="webScrappingData" finished-at="2024-06-09T19:23:31 IST" duration-ms="23863" status="PASS">
          <params>
            <param index="0">
              <value>
                <![CDATA[RAJESHEXPO]]>
              </value>
            </param>
          </params>
          <reporter-output>
          </reporter-output>
        </test-method> <!-- init -->
        <test-method signature="init(java.lang.String)[pri:0, instance:webScrapping.FinalWebScrapping@43bc63a3]" started-at="2024-06-09T19:23:31 IST" name="init" data-provider="webScrappingData" finished-at="2024-06-09T19:23:49 IST" duration-ms="17609" status="PASS">
          <params>
            <param index="0">
              <value>
                <![CDATA[LANDMARK]]>
              </value>
            </param>
          </params>
          <reporter-output>
          </reporter-output>
        </test-method> <!-- init -->
        <test-method signature="init(java.lang.String)[pri:0, instance:webScrapping.FinalWebScrapping@43bc63a3]" started-at="2024-06-09T19:23:49 IST" name="init" data-provider="webScrappingData" finished-at="2024-06-09T19:24:13 IST" duration-ms="24198" status="PASS">
          <params>
            <param index="0">
              <value>
                <![CDATA[PVRINOX]]>
              </value>
            </param>
          </params>
          <reporter-output>
          </reporter-output>
        </test-method> <!-- init -->
      </class> <!-- webScrapping.FinalWebScrapping -->
    </test> <!-- Default test -->
  </suite> <!-- Default suite -->
</testng-results>
